<?xml version="1.0" encoding="UTF-8"?>
<testsuite xmlns:xsi="http://www.w3.org/2001/XMLSchema-instance" xsi:noNamespaceSchemaLocation="https://maven.apache.org/surefire/maven-surefire-plugin/xsd/surefire-test-report-3.0.xsd" version="3.0" name="com.StockMarket.APIStockMarket.Controller.UserControllerTest" time="0.439" tests="2" errors="0" skipped="0" failures="0">
  <properties>
[...]
</properties>
  <testcase name="testRegisterUserSucceed" classname="com.StockMarket.APIStockMarket.Controller.UserControllerTest" time="0.015">
    <system-out><![CDATA[2023-12-10T14:40:15.159-05:00  INFO 7760 --- [           main] t.c.s.AnnotationConfigContextLoaderUtils : Could not detect default configuration classes for test class [com.StockMarket.APIStockMarket.Controller.UserControllerTest]: UserControllerTest does not declare any static, non-private, non-final, nested classes annotated with @Configuration.
2023-12-10T14:40:15.159-05:00  INFO 7760 --- [           main] .b.t.c.SpringBootTestContextBootstrapper : Found @SpringBootConfiguration com.StockMarket.APIStockMarket.ApiStockMarketApplication for test class com.StockMarket.APIStockMarket.Controller.UserControllerTest

  .   ____          _            __ _ _
 /\\ / ___'_ __ _ _(_)_ __  __ _ \ \ \ \
( ( )\___ | '_ | '_| | '_ \/ _` | \ \ \ \
 \\/  ___)| |_)| | | | | || (_| |  ) ) ) )
  '  |____| .__|_| |_|_| |_\__, | / / / /
 =========|_|==============|___/=/_/_/_/
 :: Spring Boot ::                (v3.1.5)

2023-12-10T14:40:15.190-05:00  INFO 7760 --- [           main] c.S.A.Controller.UserControllerTest      : Starting UserControllerTest using Java 21 with PID 7760 (started by Usuario in F:\Universidades\UNICAUCA\S6\Ingenieria de software\La mala pa Julio\Repo\Server\API-StockMarket)
2023-12-10T14:40:15.190-05:00  INFO 7760 --- [           main] c.S.A.Controller.UserControllerTest      : No active profile set, falling back to 1 default profile: "default"
2023-12-10T14:40:15.583-05:00  INFO 7760 --- [           main] c.S.A.Controller.UserControllerTest      : Started UserControllerTest in 0.412 seconds (process running for 8.66)
2023-12-10T14:40:15.583-05:00  INFO 7760 --- [           main] o.s.b.t.m.w.SpringBootMockServletContext : Initializing Spring TestDispatcherServlet ''
2023-12-10T14:40:15.583-05:00  INFO 7760 --- [           main] o.s.t.web.servlet.TestDispatcherServlet  : Initializing Servlet ''
2023-12-10T14:40:15.583-05:00  INFO 7760 --- [           main] o.s.t.web.servlet.TestDispatcherServlet  : Completed initialization in 0 ms
]]></system-out>
  </testcase>
  <testcase name="testRegisterUserAlreadyExists" classname="com.StockMarket.APIStockMarket.Controller.UserControllerTest" time="0">
    <system-out><![CDATA[2023-12-10T14:40:15.598-05:00  INFO 7760 --- [           main] o.s.b.t.m.w.SpringBootMockServletContext : Initializing Spring TestDispatcherServlet ''
2023-12-10T14:40:15.598-05:00  INFO 7760 --- [           main] o.s.t.web.servlet.TestDispatcherServlet  : Initializing Servlet ''
2023-12-10T14:40:15.598-05:00  INFO 7760 --- [           main] o.s.t.web.servlet.TestDispatcherServlet  : Completed initialization in 0 ms
]]></system-out>
  </testcase>
</testsuite>