<?xml version="1.0" encoding="UTF-8"?>
<testsuite xmlns:xsi="http://www.w3.org/2001/XMLSchema-instance" xsi:noNamespaceSchemaLocation="https://maven.apache.org/surefire/maven-surefire-plugin/xsd/surefire-test-report-3.0.xsd" version="3.0" name="com.StockMarket.APIStockMarket.Controller.MarketControllerTest" time="2.99" tests="33" errors="0" skipped="0" failures="0">
  <properties>
[...]
</properties>
  <testcase name="testGetStockByIdSucceed_NewPrice" classname="com.StockMarket.APIStockMarket.Controller.MarketControllerTest" time="0.569">
    <system-out><![CDATA[2023-12-11T21:43:23.665-05:00  INFO 5476 --- [           main] t.c.s.AnnotationConfigContextLoaderUtils : Could not detect default configuration classes for test class [com.StockMarket.APIStockMarket.Controller.MarketControllerTest]: MarketControllerTest does not declare any static, non-private, non-final, nested classes annotated with @Configuration.
2023-12-11T21:43:23.787-05:00  INFO 5476 --- [           main] .b.t.c.SpringBootTestContextBootstrapper : Found @SpringBootConfiguration com.StockMarket.APIStockMarket.ApiStockMarketApplication for test class com.StockMarket.APIStockMarket.Controller.MarketControllerTest

  .   ____          _            __ _ _
 /\\ / ___'_ __ _ _(_)_ __  __ _ \ \ \ \
( ( )\___ | '_ | '_| | '_ \/ _` | \ \ \ \
 \\/  ___)| |_)| | | | | || (_| |  ) ) ) )
  '  |____| .__|_| |_|_| |_\__, | / / / /
 =========|_|==============|___/=/_/_/_/
 :: Spring Boot ::                (v3.1.5)

2023-12-11T21:43:23.838-05:00  INFO 5476 --- [           main] c.S.A.Controller.MarketControllerTest    : Starting MarketControllerTest using Java 21 with PID 5476 (started by Usuario in F:\Universidades\UNICAUCA\S6\Ingenieria de software\FINAL\Repo\Server\API-StockMarket)
2023-12-11T21:43:23.838-05:00  INFO 5476 --- [           main] c.S.A.Controller.MarketControllerTest    : No active profile set, falling back to 1 default profile: "default"
2023-12-11T21:43:25.254-05:00  INFO 5476 --- [           main] c.S.A.Controller.MarketControllerTest    : Started MarketControllerTest in 1.457 seconds (process running for 15.9)
2023-12-11T21:43:25.371-05:00  INFO 5476 --- [           main] o.s.b.t.m.w.SpringBootMockServletContext : Initializing Spring TestDispatcherServlet ''
2023-12-11T21:43:25.371-05:00  INFO 5476 --- [           main] o.s.t.web.servlet.TestDispatcherServlet  : Initializing Servlet ''
2023-12-11T21:43:25.377-05:00  INFO 5476 --- [           main] o.s.t.web.servlet.TestDispatcherServlet  : Completed initialization in 1 ms
]]></system-out>
  </testcase>
  <testcase name="testAddStock_InvalidLimits" classname="com.StockMarket.APIStockMarket.Controller.MarketControllerTest" time="0.125">
    <system-out><![CDATA[2023-12-11T21:43:25.847-05:00  INFO 5476 --- [           main] o.s.b.t.m.w.SpringBootMockServletContext : Initializing Spring TestDispatcherServlet ''
2023-12-11T21:43:25.848-05:00  INFO 5476 --- [           main] o.s.t.web.servlet.TestDispatcherServlet  : Initializing Servlet ''
2023-12-11T21:43:25.849-05:00  INFO 5476 --- [           main] o.s.t.web.servlet.TestDispatcherServlet  : Completed initialization in 1 ms
]]></system-out>
  </testcase>
  <testcase name="testAddStock_StockDoesNotExist" classname="com.StockMarket.APIStockMarket.Controller.MarketControllerTest" time="0.027">
    <system-out><![CDATA[2023-12-11T21:43:25.979-05:00  INFO 5476 --- [           main] o.s.b.t.m.w.SpringBootMockServletContext : Initializing Spring TestDispatcherServlet ''
2023-12-11T21:43:25.979-05:00  INFO 5476 --- [           main] o.s.t.web.servlet.TestDispatcherServlet  : Initializing Servlet ''
2023-12-11T21:43:25.981-05:00  INFO 5476 --- [           main] o.s.t.web.servlet.TestDispatcherServlet  : Completed initialization in 2 ms
]]></system-out>
  </testcase>
  <testcase name="testGetStockByIdSucceed_SamePrice" classname="com.StockMarket.APIStockMarket.Controller.MarketControllerTest" time="0.017">
    <system-out><![CDATA[2023-12-11T21:43:26.011-05:00  INFO 5476 --- [           main] o.s.b.t.m.w.SpringBootMockServletContext : Initializing Spring TestDispatcherServlet ''
2023-12-11T21:43:26.012-05:00  INFO 5476 --- [           main] o.s.t.web.servlet.TestDispatcherServlet  : Initializing Servlet ''
2023-12-11T21:43:26.013-05:00  INFO 5476 --- [           main] o.s.t.web.servlet.TestDispatcherServlet  : Completed initialization in 1 ms
]]></system-out>
  </testcase>
  <testcase name="testUpdateStock_LowerLimitUserDoesNotExist" classname="com.StockMarket.APIStockMarket.Controller.MarketControllerTest" time="0.023">
    <system-out><![CDATA[2023-12-11T21:43:26.032-05:00  INFO 5476 --- [           main] o.s.b.t.m.w.SpringBootMockServletContext : Initializing Spring TestDispatcherServlet ''
2023-12-11T21:43:26.032-05:00  INFO 5476 --- [           main] o.s.t.web.servlet.TestDispatcherServlet  : Initializing Servlet ''
2023-12-11T21:43:26.034-05:00  INFO 5476 --- [           main] o.s.t.web.servlet.TestDispatcherServlet  : Completed initialization in 1 ms
]]></system-out>
  </testcase>
  <testcase name="testAddStock_StockIdMissing" classname="com.StockMarket.APIStockMarket.Controller.MarketControllerTest" time="0.017">
    <system-out><![CDATA[2023-12-11T21:43:26.059-05:00  INFO 5476 --- [           main] o.s.b.t.m.w.SpringBootMockServletContext : Initializing Spring TestDispatcherServlet ''
2023-12-11T21:43:26.059-05:00  INFO 5476 --- [           main] o.s.t.web.servlet.TestDispatcherServlet  : Initializing Servlet ''
2023-12-11T21:43:26.059-05:00  INFO 5476 --- [           main] o.s.t.web.servlet.TestDispatcherServlet  : Completed initialization in 0 ms
]]></system-out>
  </testcase>
  <testcase name="testUpdateStockSucceed_LowerLimit" classname="com.StockMarket.APIStockMarket.Controller.MarketControllerTest" time="0.026">
    <system-out><![CDATA[2023-12-11T21:43:26.079-05:00  INFO 5476 --- [           main] o.s.b.t.m.w.SpringBootMockServletContext : Initializing Spring TestDispatcherServlet ''
2023-12-11T21:43:26.079-05:00  INFO 5476 --- [           main] o.s.t.web.servlet.TestDispatcherServlet  : Initializing Servlet ''
2023-12-11T21:43:26.082-05:00  INFO 5476 --- [           main] o.s.t.web.servlet.TestDispatcherServlet  : Completed initialization in 0 ms
]]></system-out>
  </testcase>
  <testcase name="testGetStocksSucceed_UserDoesNotExist" classname="com.StockMarket.APIStockMarket.Controller.MarketControllerTest" time="0.017">
    <system-out><![CDATA[2023-12-11T21:43:26.109-05:00  INFO 5476 --- [           main] o.s.b.t.m.w.SpringBootMockServletContext : Initializing Spring TestDispatcherServlet ''
2023-12-11T21:43:26.110-05:00  INFO 5476 --- [           main] o.s.t.web.servlet.TestDispatcherServlet  : Initializing Servlet ''
2023-12-11T21:43:26.112-05:00  INFO 5476 --- [           main] o.s.t.web.servlet.TestDispatcherServlet  : Completed initialization in 1 ms
]]></system-out>
  </testcase>
  <testcase name="testGetStocksSucceed_NoStocksAdded" classname="com.StockMarket.APIStockMarket.Controller.MarketControllerTest" time="0.016">
    <system-out><![CDATA[2023-12-11T21:43:26.130-05:00  INFO 5476 --- [           main] o.s.b.t.m.w.SpringBootMockServletContext : Initializing Spring TestDispatcherServlet ''
2023-12-11T21:43:26.130-05:00  INFO 5476 --- [           main] o.s.t.web.servlet.TestDispatcherServlet  : Initializing Servlet ''
2023-12-11T21:43:26.131-05:00  INFO 5476 --- [           main] o.s.t.web.servlet.TestDispatcherServlet  : Completed initialization in 0 ms
]]></system-out>
  </testcase>
  <testcase name="testUpdateStock_LowerLimitInvalid" classname="com.StockMarket.APIStockMarket.Controller.MarketControllerTest" time="0.018">
    <system-out><![CDATA[2023-12-11T21:43:26.149-05:00  INFO 5476 --- [           main] o.s.b.t.m.w.SpringBootMockServletContext : Initializing Spring TestDispatcherServlet ''
2023-12-11T21:43:26.151-05:00  INFO 5476 --- [           main] o.s.t.web.servlet.TestDispatcherServlet  : Initializing Servlet ''
2023-12-11T21:43:26.154-05:00  INFO 5476 --- [           main] o.s.t.web.servlet.TestDispatcherServlet  : Completed initialization in 3 ms
]]></system-out>
  </testcase>
  <testcase name="testUpdateStock_StockIdMissing" classname="com.StockMarket.APIStockMarket.Controller.MarketControllerTest" time="0.025">
    <system-out><![CDATA[2023-12-11T21:43:26.174-05:00  INFO 5476 --- [           main] o.s.b.t.m.w.SpringBootMockServletContext : Initializing Spring TestDispatcherServlet ''
2023-12-11T21:43:26.175-05:00  INFO 5476 --- [           main] o.s.t.web.servlet.TestDispatcherServlet  : Initializing Servlet ''
2023-12-11T21:43:26.176-05:00  INFO 5476 --- [           main] o.s.t.web.servlet.TestDispatcherServlet  : Completed initialization in 1 ms
]]></system-out>
  </testcase>
  <testcase name="testDeleteStockSucceed" classname="com.StockMarket.APIStockMarket.Controller.MarketControllerTest" time="0.017">
    <system-out><![CDATA[2023-12-11T21:43:26.201-05:00  INFO 5476 --- [           main] o.s.b.t.m.w.SpringBootMockServletContext : Initializing Spring TestDispatcherServlet ''
2023-12-11T21:43:26.201-05:00  INFO 5476 --- [           main] o.s.t.web.servlet.TestDispatcherServlet  : Initializing Servlet ''
2023-12-11T21:43:26.204-05:00  INFO 5476 --- [           main] o.s.t.web.servlet.TestDispatcherServlet  : Completed initialization in 2 ms
]]></system-out>
  </testcase>
  <testcase name="testGetStocksSucceed_SamePrice" classname="com.StockMarket.APIStockMarket.Controller.MarketControllerTest" time="0.014">
    <system-out><![CDATA[2023-12-11T21:43:26.221-05:00  INFO 5476 --- [           main] o.s.b.t.m.w.SpringBootMockServletContext : Initializing Spring TestDispatcherServlet ''
2023-12-11T21:43:26.221-05:00  INFO 5476 --- [           main] o.s.t.web.servlet.TestDispatcherServlet  : Initializing Servlet ''
2023-12-11T21:43:26.222-05:00  INFO 5476 --- [           main] o.s.t.web.servlet.TestDispatcherServlet  : Completed initialization in 1 ms
]]></system-out>
  </testcase>
  <testcase name="testUpdateStock_LowerLimitStockDoesNotExist" classname="com.StockMarket.APIStockMarket.Controller.MarketControllerTest" time="0.017">
    <system-out><![CDATA[2023-12-11T21:43:26.239-05:00  INFO 5476 --- [           main] o.s.b.t.m.w.SpringBootMockServletContext : Initializing Spring TestDispatcherServlet ''
2023-12-11T21:43:26.239-05:00  INFO 5476 --- [           main] o.s.t.web.servlet.TestDispatcherServlet  : Initializing Servlet ''
2023-12-11T21:43:26.240-05:00  INFO 5476 --- [           main] o.s.t.web.servlet.TestDispatcherServlet  : Completed initialization in 1 ms
]]></system-out>
  </testcase>
  <testcase name="testDeleteStock_UserDoesNotExist" classname="com.StockMarket.APIStockMarket.Controller.MarketControllerTest" time="0.015">
    <system-out><![CDATA[2023-12-11T21:43:26.257-05:00  INFO 5476 --- [           main] o.s.b.t.m.w.SpringBootMockServletContext : Initializing Spring TestDispatcherServlet ''
2023-12-11T21:43:26.258-05:00  INFO 5476 --- [           main] o.s.t.web.servlet.TestDispatcherServlet  : Initializing Servlet ''
2023-12-11T21:43:26.259-05:00  INFO 5476 --- [           main] o.s.t.web.servlet.TestDispatcherServlet  : Completed initialization in 1 ms
]]></system-out>
  </testcase>
  <testcase name="testUpdateStock_ParametersMissing" classname="com.StockMarket.APIStockMarket.Controller.MarketControllerTest" time="0.016">
    <system-out><![CDATA[2023-12-11T21:43:26.282-05:00  INFO 5476 --- [           main] o.s.b.t.m.w.SpringBootMockServletContext : Initializing Spring TestDispatcherServlet ''
2023-12-11T21:43:26.283-05:00  INFO 5476 --- [           main] o.s.t.web.servlet.TestDispatcherServlet  : Initializing Servlet ''
2023-12-11T21:43:26.284-05:00  INFO 5476 --- [           main] o.s.t.web.servlet.TestDispatcherServlet  : Completed initialization in 1 ms
]]></system-out>
  </testcase>
  <testcase name="testUpdateStock_LimitNotNumeric" classname="com.StockMarket.APIStockMarket.Controller.MarketControllerTest" time="0.024">
    <system-out><![CDATA[2023-12-11T21:43:26.301-05:00  INFO 5476 --- [           main] o.s.b.t.m.w.SpringBootMockServletContext : Initializing Spring TestDispatcherServlet ''
2023-12-11T21:43:26.301-05:00  INFO 5476 --- [           main] o.s.t.web.servlet.TestDispatcherServlet  : Initializing Servlet ''
2023-12-11T21:43:26.302-05:00  INFO 5476 --- [           main] o.s.t.web.servlet.TestDispatcherServlet  : Completed initialization in 1 ms
]]></system-out>
  </testcase>
  <testcase name="testDeleteStock_StockDoesNotExist" classname="com.StockMarket.APIStockMarket.Controller.MarketControllerTest" time="0.014">
    <system-out><![CDATA[2023-12-11T21:43:26.330-05:00  INFO 5476 --- [           main] o.s.b.t.m.w.SpringBootMockServletContext : Initializing Spring TestDispatcherServlet ''
2023-12-11T21:43:26.330-05:00  INFO 5476 --- [           main] o.s.t.web.servlet.TestDispatcherServlet  : Initializing Servlet ''
2023-12-11T21:43:26.331-05:00  INFO 5476 --- [           main] o.s.t.web.servlet.TestDispatcherServlet  : Completed initialization in 1 ms
]]></system-out>
  </testcase>
  <testcase name="testUpdateStock_LimitParamMissing" classname="com.StockMarket.APIStockMarket.Controller.MarketControllerTest" time="0.013">
    <system-out><![CDATA[2023-12-11T21:43:26.349-05:00  INFO 5476 --- [           main] o.s.b.t.m.w.SpringBootMockServletContext : Initializing Spring TestDispatcherServlet ''
2023-12-11T21:43:26.350-05:00  INFO 5476 --- [           main] o.s.t.web.servlet.TestDispatcherServlet  : Initializing Servlet ''
2023-12-11T21:43:26.351-05:00  INFO 5476 --- [           main] o.s.t.web.servlet.TestDispatcherServlet  : Completed initialization in 1 ms
]]></system-out>
  </testcase>
  <testcase name="testAddStock_LowerLimitMissing" classname="com.StockMarket.APIStockMarket.Controller.MarketControllerTest" time="0.016">
    <system-out><![CDATA[2023-12-11T21:43:26.364-05:00  INFO 5476 --- [           main] o.s.b.t.m.w.SpringBootMockServletContext : Initializing Spring TestDispatcherServlet ''
2023-12-11T21:43:26.364-05:00  INFO 5476 --- [           main] o.s.t.web.servlet.TestDispatcherServlet  : Initializing Servlet ''
2023-12-11T21:43:26.365-05:00  INFO 5476 --- [           main] o.s.t.web.servlet.TestDispatcherServlet  : Completed initialization in 1 ms
]]></system-out>
  </testcase>
  <testcase name="testAddStockSucceed" classname="com.StockMarket.APIStockMarket.Controller.MarketControllerTest" time="0.018">
    <system-out><![CDATA[2023-12-11T21:43:26.386-05:00  INFO 5476 --- [           main] o.s.b.t.m.w.SpringBootMockServletContext : Initializing Spring TestDispatcherServlet ''
2023-12-11T21:43:26.386-05:00  INFO 5476 --- [           main] o.s.t.web.servlet.TestDispatcherServlet  : Initializing Servlet ''
2023-12-11T21:43:26.387-05:00  INFO 5476 --- [           main] o.s.t.web.servlet.TestDispatcherServlet  : Completed initialization in 1 ms
]]></system-out>
  </testcase>
  <testcase name="testGetStockById_UserStockDoesNotExist" classname="com.StockMarket.APIStockMarket.Controller.MarketControllerTest" time="0.015">
    <system-out><![CDATA[2023-12-11T21:43:26.407-05:00  INFO 5476 --- [           main] o.s.b.t.m.w.SpringBootMockServletContext : Initializing Spring TestDispatcherServlet ''
2023-12-11T21:43:26.407-05:00  INFO 5476 --- [           main] o.s.t.web.servlet.TestDispatcherServlet  : Initializing Servlet ''
2023-12-11T21:43:26.408-05:00  INFO 5476 --- [           main] o.s.t.web.servlet.TestDispatcherServlet  : Completed initialization in 1 ms
]]></system-out>
  </testcase>
  <testcase name="testGetStocksSucceed_NewPrice" classname="com.StockMarket.APIStockMarket.Controller.MarketControllerTest" time="0.014">
    <system-out><![CDATA[2023-12-11T21:43:26.424-05:00  INFO 5476 --- [           main] o.s.b.t.m.w.SpringBootMockServletContext : Initializing Spring TestDispatcherServlet ''
2023-12-11T21:43:26.424-05:00  INFO 5476 --- [           main] o.s.t.web.servlet.TestDispatcherServlet  : Initializing Servlet ''
2023-12-11T21:43:26.425-05:00  INFO 5476 --- [           main] o.s.t.web.servlet.TestDispatcherServlet  : Completed initialization in 1 ms
]]></system-out>
  </testcase>
  <testcase name="testUpdateStockSucceed_UpperLimit" classname="com.StockMarket.APIStockMarket.Controller.MarketControllerTest" time="0.02">
    <system-out><![CDATA[2023-12-11T21:43:26.442-05:00  INFO 5476 --- [           main] o.s.b.t.m.w.SpringBootMockServletContext : Initializing Spring TestDispatcherServlet ''
2023-12-11T21:43:26.442-05:00  INFO 5476 --- [           main] o.s.t.web.servlet.TestDispatcherServlet  : Initializing Servlet ''
2023-12-11T21:43:26.443-05:00  INFO 5476 --- [           main] o.s.t.web.servlet.TestDispatcherServlet  : Completed initialization in 1 ms
]]></system-out>
  </testcase>
  <testcase name="testUpdateStock_UpperLimitInvalid" classname="com.StockMarket.APIStockMarket.Controller.MarketControllerTest" time="0.017">
    <system-out><![CDATA[2023-12-11T21:43:26.464-05:00  INFO 5476 --- [           main] o.s.b.t.m.w.SpringBootMockServletContext : Initializing Spring TestDispatcherServlet ''
2023-12-11T21:43:26.464-05:00  INFO 5476 --- [           main] o.s.t.web.servlet.TestDispatcherServlet  : Initializing Servlet ''
2023-12-11T21:43:26.466-05:00  INFO 5476 --- [           main] o.s.t.web.servlet.TestDispatcherServlet  : Completed initialization in 2 ms
]]></system-out>
  </testcase>
  <testcase name="testGetStockById_StockDoesNotExist" classname="com.StockMarket.APIStockMarket.Controller.MarketControllerTest" time="0.013">
    <system-out><![CDATA[2023-12-11T21:43:26.484-05:00  INFO 5476 --- [           main] o.s.b.t.m.w.SpringBootMockServletContext : Initializing Spring TestDispatcherServlet ''
2023-12-11T21:43:26.484-05:00  INFO 5476 --- [           main] o.s.t.web.servlet.TestDispatcherServlet  : Initializing Servlet ''
2023-12-11T21:43:26.485-05:00  INFO 5476 --- [           main] o.s.t.web.servlet.TestDispatcherServlet  : Completed initialization in 1 ms
]]></system-out>
  </testcase>
  <testcase name="testUpdateStock_LimitParamInvalid" classname="com.StockMarket.APIStockMarket.Controller.MarketControllerTest" time="0.013">
    <system-out><![CDATA[2023-12-11T21:43:26.498-05:00  INFO 5476 --- [           main] o.s.b.t.m.w.SpringBootMockServletContext : Initializing Spring TestDispatcherServlet ''
2023-12-11T21:43:26.499-05:00  INFO 5476 --- [           main] o.s.t.web.servlet.TestDispatcherServlet  : Initializing Servlet ''
2023-12-11T21:43:26.500-05:00  INFO 5476 --- [           main] o.s.t.web.servlet.TestDispatcherServlet  : Completed initialization in 1 ms
]]></system-out>
  </testcase>
  <testcase name="testUpdateStock_ValueMissing" classname="com.StockMarket.APIStockMarket.Controller.MarketControllerTest" time="0.019">
    <system-out><![CDATA[2023-12-11T21:43:26.516-05:00  INFO 5476 --- [           main] o.s.b.t.m.w.SpringBootMockServletContext : Initializing Spring TestDispatcherServlet ''
2023-12-11T21:43:26.516-05:00  INFO 5476 --- [           main] o.s.t.web.servlet.TestDispatcherServlet  : Initializing Servlet ''
2023-12-11T21:43:26.518-05:00  INFO 5476 --- [           main] o.s.t.web.servlet.TestDispatcherServlet  : Completed initialization in 2 ms
]]></system-out>
  </testcase>
  <testcase name="testGetStockById_UserDoesNotExist" classname="com.StockMarket.APIStockMarket.Controller.MarketControllerTest" time="0.02">
    <system-out><![CDATA[2023-12-11T21:43:26.540-05:00  INFO 5476 --- [           main] o.s.b.t.m.w.SpringBootMockServletContext : Initializing Spring TestDispatcherServlet ''
2023-12-11T21:43:26.542-05:00  INFO 5476 --- [           main] o.s.t.web.servlet.TestDispatcherServlet  : Initializing Servlet ''
2023-12-11T21:43:26.546-05:00  INFO 5476 --- [           main] o.s.t.web.servlet.TestDispatcherServlet  : Completed initialization in 4 ms
]]></system-out>
  </testcase>
  <testcase name="testAddStock_UserDoesNotExist" classname="com.StockMarket.APIStockMarket.Controller.MarketControllerTest" time="0.02">
    <system-out><![CDATA[2023-12-11T21:43:26.565-05:00  INFO 5476 --- [           main] o.s.b.t.m.w.SpringBootMockServletContext : Initializing Spring TestDispatcherServlet ''
2023-12-11T21:43:26.565-05:00  INFO 5476 --- [           main] o.s.t.web.servlet.TestDispatcherServlet  : Initializing Servlet ''
2023-12-11T21:43:26.566-05:00  INFO 5476 --- [           main] o.s.t.web.servlet.TestDispatcherServlet  : Completed initialization in 0 ms
]]></system-out>
  </testcase>
  <testcase name="testAddStock_UpperLimitMissing" classname="com.StockMarket.APIStockMarket.Controller.MarketControllerTest" time="0.014">
    <system-out><![CDATA[2023-12-11T21:43:26.585-05:00  INFO 5476 --- [           main] o.s.b.t.m.w.SpringBootMockServletContext : Initializing Spring TestDispatcherServlet ''
2023-12-11T21:43:26.585-05:00  INFO 5476 --- [           main] o.s.t.web.servlet.TestDispatcherServlet  : Initializing Servlet ''
2023-12-11T21:43:26.586-05:00  INFO 5476 --- [           main] o.s.t.web.servlet.TestDispatcherServlet  : Completed initialization in 1 ms
]]></system-out>
  </testcase>
  <testcase name="testUpdateStock_UpperLimitStockDoesNotExist" classname="com.StockMarket.APIStockMarket.Controller.MarketControllerTest" time="0.014">
    <system-out><![CDATA[2023-12-11T21:43:26.601-05:00  INFO 5476 --- [           main] o.s.b.t.m.w.SpringBootMockServletContext : Initializing Spring TestDispatcherServlet ''
2023-12-11T21:43:26.601-05:00  INFO 5476 --- [           main] o.s.t.web.servlet.TestDispatcherServlet  : Initializing Servlet ''
2023-12-11T21:43:26.602-05:00  INFO 5476 --- [           main] o.s.t.web.servlet.TestDispatcherServlet  : Completed initialization in 1 ms
]]></system-out>
  </testcase>
  <testcase name="testUpdateStock_UpperLimitUserDoesNotExist" classname="com.StockMarket.APIStockMarket.Controller.MarketControllerTest" time="0.013">
    <system-out><![CDATA[2023-12-11T21:43:26.618-05:00  INFO 5476 --- [           main] o.s.b.t.m.w.SpringBootMockServletContext : Initializing Spring TestDispatcherServlet ''
2023-12-11T21:43:26.619-05:00  INFO 5476 --- [           main] o.s.t.web.servlet.TestDispatcherServlet  : Initializing Servlet ''
2023-12-11T21:43:26.620-05:00  INFO 5476 --- [           main] o.s.t.web.servlet.TestDispatcherServlet  : Completed initialization in 1 ms
]]></system-out>
  </testcase>
</testsuite>